<xml>
  <key>腾讯元器key</key>
</xml>
